<?xml version="1.0" encoding="UTF-8"?>
<coverage generated="1548857241659" clover="3.2.0">
  <project timestamp="1548857241659" name="All files">
    <metrics statements="33" coveredstatements="29" conditionals="17" coveredconditionals="7" methods="5" coveredmethods="4" elements="55" coveredelements="40" complexity="0" loc="33" ncloc="33" packages="1" files="2" classes="2"/>
    <file name="libs.js" path="/Users/nprakash/and-automation-workshop/and-workshop-automated-testing/lab-2-improve-code/src/libs.js">
      <metrics statements="15" coveredstatements="12" conditionals="7" coveredconditionals="3" methods="3" coveredmethods="2"/>
      <line num="1" count="1" type="stmt"/>
      <line num="3" count="1" type="stmt"/>
      <line num="9" count="0" type="stmt"/>
      <line num="11" count="0" type="stmt"/>
      <line num="13" count="0" type="stmt"/>
      <line num="20" count="1" type="cond" truecount="0" falsecount="1"/>
      <line num="21" count="1" type="cond" truecount="2" falsecount="2"/>
      <line num="22" count="1" type="stmt"/>
      <line num="35" count="1" type="stmt"/>
      <line num="36" count="1" type="stmt"/>
      <line num="38" count="1" type="cond" truecount="1" falsecount="1"/>
      <line num="40" count="1" type="stmt"/>
      <line num="42" count="1" type="stmt"/>
      <line num="48" count="1" type="stmt"/>
      <line num="60" count="1" type="stmt"/>
    </file>
    <file name="libs2.js" path="/Users/nprakash/and-automation-workshop/and-workshop-automated-testing/lab-2-improve-code/src/libs2.js">
      <metrics statements="18" coveredstatements="17" conditionals="10" coveredconditionals="4" methods="2" coveredmethods="2"/>
      <line num="1" count="1" type="stmt"/>
      <line num="3" count="1" type="cond" truecount="0" falsecount="1"/>
      <line num="4" count="1" type="cond" truecount="1" falsecount="1"/>
      <line num="5" count="1" type="stmt"/>
      <line num="8" count="1" type="cond" truecount="1" falsecount="1"/>
      <line num="9" count="0" type="stmt"/>
      <line num="12" count="1" type="stmt"/>
      <line num="14" count="1" type="stmt"/>
      <line num="15" count="1" type="stmt"/>
      <line num="18" count="1" type="stmt"/>
      <line num="21" count="1" type="cond" truecount="0" falsecount="1"/>
      <line num="22" count="1" type="cond" truecount="1" falsecount="1"/>
      <line num="23" count="1" type="stmt"/>
      <line num="26" count="1" type="stmt"/>
      <line num="28" count="1" type="stmt"/>
      <line num="29" count="1" type="cond" truecount="1" falsecount="1"/>
      <line num="32" count="1" type="stmt"/>
      <line num="35" count="1" type="stmt"/>
    </file>
  </project>
</coverage>
