{"/Users/nprakash/and-automation-workshop/and-workshop-automated-testing/lab-2-improve-code/src/libs.js": {"path":"/Users/nprakash/and-automation-workshop/and-workshop-automated-testing/lab-2-improve-code/src/libs.js","statementMap":{"0":{"start":{"line":1,"column":10},"end":{"line":1,"column":22}},"1":{"start":{"line":3,"column":0},"end":{"line":5,"column":2}},"2":{"start":{"line":9,"column":11},"end":{"line":9,"column":18}},"3":{"start":{"line":11,"column":12},"end":{"line":11,"column":29}},"4":{"start":{"line":13,"column":2},"end":{"line":13,"column":17}},"5":{"start":{"line":20,"column":40},"end":{"line":22,"column":26}},"6":{"start":{"line":21,"column":26},"end":{"line":21,"column":113}},"7":{"start":{"line":22,"column":2},"end":{"line":22,"column":25}},"8":{"start":{"line":35,"column":10},"end":{"line":45,"column":1}},"9":{"start":{"line":36,"column":2},"end":{"line":36,"column":14}},"10":{"start":{"line":38,"column":2},"end":{"line":38,"column":72}},"11":{"start":{"line":38,"column":45},"end":{"line":38,"column":72}},"12":{"start":{"line":40,"column":12},"end":{"line":40,"column":45}},"13":{"start":{"line":42,"column":2},"end":{"line":44,"column":8}},"14":{"start":{"line":48,"column":0},"end":{"line":53,"column":2}},"15":{"start":{"line":60,"column":0},"end":{"line":60,"column":20}}},"fnMap":{"0":{"name":"req_ONE","decl":{"start":{"line":8,"column":9},"end":{"line":8,"column":16}},"loc":{"start":{"line":9,"column":0},"end":{"line":14,"column":1}},"line":9},"1":{"name":"(anonymous_1)","decl":{"start":{"line":20,"column":40},"end":{"line":20,"column":41}},"loc":{"start":{"line":20,"column":60},"end":{"line":22,"column":26}},"line":20},"2":{"name":"(anonymous_2)","decl":{"start":{"line":35,"column":10},"end":{"line":35,"column":11}},"loc":{"start":{"line":36,"column":0},"end":{"line":45,"column":1}},"line":36}},"branchMap":{"0":{"loc":{"start":{"line":20,"column":41},"end":{"line":20,"column":57}},"type":"default-arg","locations":[{"start":{"line":20,"column":47},"end":{"line":20,"column":57}}],"line":20},"1":{"loc":{"start":{"line":21,"column":30},"end":{"line":21,"column":67}},"type":"cond-expr","locations":[{"start":{"line":21,"column":54},"end":{"line":21,"column":60}},{"start":{"line":21,"column":61},"end":{"line":21,"column":67}}],"line":21},"2":{"loc":{"start":{"line":21,"column":80},"end":{"line":21,"column":111}},"type":"cond-expr","locations":[{"start":{"line":21,"column":104},"end":{"line":21,"column":107}},{"start":{"line":21,"column":108},"end":{"line":21,"column":111}}],"line":21},"3":{"loc":{"start":{"line":38,"column":2},"end":{"line":38,"column":72}},"type":"if","locations":[{"start":{"line":38,"column":2},"end":{"line":38,"column":72}},{"start":{"line":38,"column":2},"end":{"line":38,"column":72}}],"line":38}},"s":{"0":1,"1":1,"2":0,"3":0,"4":0,"5":1,"6":1,"7":1,"8":1,"9":1,"10":1,"11":0,"12":1,"13":1,"14":1,"15":1},"f":{"0":0,"1":1,"2":1},"b":{"0":[0],"1":[0,1],"2":[0,1],"3":[0,1]},"_coverageSchema":"43e27e138ebf9cfc5966b082cf9a028302ed4184","hash":"fbb95fd676c458506a86ea3f3bba9b19ddc9145c"}
,"/Users/nprakash/and-automation-workshop/and-workshop-automated-testing/lab-2-improve-code/src/libs2.js": {"path":"/Users/nprakash/and-automation-workshop/and-workshop-automated-testing/lab-2-improve-code/src/libs2.js","statementMap":{"0":{"start":{"line":1,"column":0},"end":{"line":1,"column":9}},"1":{"start":{"line":3,"column":0},"end":{"line":19,"column":2}},"2":{"start":{"line":4,"column":2},"end":{"line":6,"column":3}},"3":{"start":{"line":5,"column":4},"end":{"line":5,"column":20}},"4":{"start":{"line":8,"column":2},"end":{"line":10,"column":3}},"5":{"start":{"line":9,"column":4},"end":{"line":9,"column":30}},"6":{"start":{"line":12,"column":12},"end":{"line":12,"column":21}},"7":{"start":{"line":14,"column":2},"end":{"line":16,"column":3}},"8":{"start":{"line":15,"column":4},"end":{"line":15,"column":35}},"9":{"start":{"line":18,"column":2},"end":{"line":18,"column":45}},"10":{"start":{"line":21,"column":0},"end":{"line":33,"column":2}},"11":{"start":{"line":22,"column":2},"end":{"line":24,"column":3}},"12":{"start":{"line":23,"column":4},"end":{"line":23,"column":20}},"13":{"start":{"line":26,"column":12},"end":{"line":26,"column":21}},"14":{"start":{"line":28,"column":2},"end":{"line":30,"column":3}},"15":{"start":{"line":29,"column":4},"end":{"line":29,"column":79}},"16":{"start":{"line":32,"column":2},"end":{"line":32,"column":48}},"17":{"start":{"line":35,"column":0},"end":{"line":35,"column":21}}},"fnMap":{"0":{"name":"FUNCTION_FOUR","decl":{"start":{"line":3,"column":27},"end":{"line":3,"column":40}},"loc":{"start":{"line":3,"column":62},"end":{"line":19,"column":1}},"line":3},"1":{"name":"FUNCTION_FOUR","decl":{"start":{"line":21,"column":24},"end":{"line":21,"column":37}},"loc":{"start":{"line":21,"column":59},"end":{"line":33,"column":1}},"line":21}},"branchMap":{"0":{"loc":{"start":{"line":3,"column":41},"end":{"line":3,"column":60}},"type":"default-arg","locations":[{"start":{"line":3,"column":49},"end":{"line":3,"column":60}}],"line":3},"1":{"loc":{"start":{"line":4,"column":2},"end":{"line":6,"column":3}},"type":"if","locations":[{"start":{"line":4,"column":2},"end":{"line":6,"column":3}},{"start":{"line":4,"column":2},"end":{"line":6,"column":3}}],"line":4},"2":{"loc":{"start":{"line":8,"column":2},"end":{"line":10,"column":3}},"type":"if","locations":[{"start":{"line":8,"column":2},"end":{"line":10,"column":3}},{"start":{"line":8,"column":2},"end":{"line":10,"column":3}}],"line":8},"3":{"loc":{"start":{"line":21,"column":38},"end":{"line":21,"column":57}},"type":"default-arg","locations":[{"start":{"line":21,"column":46},"end":{"line":21,"column":57}}],"line":21},"4":{"loc":{"start":{"line":22,"column":2},"end":{"line":24,"column":3}},"type":"if","locations":[{"start":{"line":22,"column":2},"end":{"line":24,"column":3}},{"start":{"line":22,"column":2},"end":{"line":24,"column":3}}],"line":22},"5":{"loc":{"start":{"line":29,"column":28},"end":{"line":29,"column":77}},"type":"cond-expr","locations":[{"start":{"line":29,"column":62},"end":{"line":29,"column":70}},{"start":{"line":29,"column":73},"end":{"line":29,"column":77}}],"line":29}},"s":{"0":1,"1":1,"2":1,"3":1,"4":1,"5":0,"6":1,"7":1,"8":1,"9":1,"10":1,"11":1,"12":1,"13":1,"14":1,"15":1,"16":1,"17":1},"f":{"0":1,"1":1},"b":{"0":[0],"1":[1,0],"2":[0,1],"3":[0],"4":[1,0],"5":[0,1]},"_coverageSchema":"43e27e138ebf9cfc5966b082cf9a028302ed4184","hash":"bf635b0a2db6cbef9012912c212a80bff113dacb"}
}
